<?xml version="1.0" encoding="UTF-8"?>
<testng-results skipped="0" failed="0" ignored="0" total="0" passed="0">
  <reporter-output>
  </reporter-output>
  <suite name="c2UiautomatorTest" duration-ms="8" started-at="2022-07-12T03:18:46 EDT" finished-at="2022-07-12T03:18:46 EDT">
    <groups>
    </groups>
    <test name="Command line test" duration-ms="8" started-at="2022-07-12T03:18:46 EDT" finished-at="2022-07-12T03:18:46 EDT">
    </test> <!-- Command line test -->
  </suite> <!-- c2UiautomatorTest -->
</testng-results>
